<?xml version="1.0" encoding="UTF-8"?>
<testsuite name="com.telran.trello.tests.LoginTestHW" tests="2" skipped="0" failures="0" errors="0" timestamp="2020-02-07T18:28:04" hostname="DESKTOP-U7V5MJ9" time="109.791">
  <properties/>
  <testcase name="testLogin" classname="com.telran.trello.tests.LoginTestHW" time="59.887"/>
  <testcase name="testLoginAgain" classname="com.telran.trello.tests.LoginTestHW" time="37.907"/>
  <system-out><![CDATA[20:27:49.339 [Test worker] INFO  com.telran.trello.tests.TestBase - Start test testLogin with parameters[]
20:29:04.257 [Test worker] INFO  com.telran.trello.utils.Listener - testLogin PASSED
20:29:04.258 [Test worker] INFO  com.telran.trello.tests.TestBase - Stop test public void com.telran.trello.tests.LoginTestHW.testLogin() throws java.lang.InterruptedException
20:29:04.260 [Test worker] INFO  com.telran.trello.tests.TestBase - Start test testLoginAgain with parameters[]
20:29:54.160 [Test worker] INFO  com.telran.trello.utils.Listener - testLoginAgain PASSED
20:29:54.162 [Test worker] INFO  com.telran.trello.tests.TestBase - Stop test public void com.telran.trello.tests.LoginTestHW.testLoginAgain() throws java.lang.InterruptedException
]]></system-out>
  <system-err><![CDATA[]]></system-err>
</testsuite>
