<?xml version="1.0" encoding="UTF-8"?>
<testsuite name="com.telran.trello.tests.BoardDeletionTests" tests="2" skipped="0" failures="0" errors="0" timestamp="2020-02-06T20:30:24" hostname="DESKTOP-U7V5MJ9" time="39.178">
  <properties/>
  <testcase name="testBoardDeletionFromHeader" classname="com.telran.trello.tests.BoardDeletionTests" time="16.876"/>
  <testcase name="testFirstBoardDeletion1" classname="com.telran.trello.tests.BoardDeletionTests" time="22.275"/>
  <system-out><![CDATA[22:30:24.233 [Test worker] INFO  com.telran.trello.tests.TestBase - Start test testBoardDeletionFromHeader with parameters[]
4
3
22:30:41.120 [Test worker] INFO  com.telran.trello.utils.Listener - testBoardDeletionFromHeader PASSED
22:30:41.125 [Test worker] INFO  com.telran.trello.tests.TestBase - Stop test public void com.telran.trello.tests.BoardDeletionTests.testBoardDeletionFromHeader() throws java.lang.InterruptedException
22:30:41.128 [Test worker] INFO  com.telran.trello.tests.TestBase - Start test testFirstBoardDeletion1 with parameters[]
22:31:03.422 [Test worker] INFO  com.telran.trello.utils.Listener - testFirstBoardDeletion1 PASSED
22:31:03.425 [Test worker] INFO  com.telran.trello.tests.TestBase - Stop test public void com.telran.trello.tests.BoardDeletionTests.testFirstBoardDeletion1() throws java.lang.InterruptedException
]]></system-out>
  <system-err><![CDATA[]]></system-err>
</testsuite>
