<?xml version="1.0" encoding="UTF-8"?>
<testsuite name="com.telran.trello.tests.LoginTestHW" tests="2" skipped="0" failures="0" errors="0" timestamp="2020-02-06T20:51:34" hostname="DESKTOP-U7V5MJ9" time="111.897">
  <properties/>
  <testcase name="testLogin" classname="com.telran.trello.tests.LoginTestHW" time="61.431"/>
  <testcase name="testLoginAgain" classname="com.telran.trello.tests.LoginTestHW" time="38.453"/>
  <system-out><![CDATA[22:51:19.734 [Test worker] INFO  com.telran.trello.tests.TestBase - Start test testLogin with parameters[]
22:52:36.216 [Test worker] INFO  com.telran.trello.utils.Listener - testLogin PASSED
22:52:36.221 [Test worker] INFO  com.telran.trello.tests.TestBase - Stop test public void com.telran.trello.tests.LoginTestHW.testLogin() throws java.lang.InterruptedException
22:52:36.227 [Test worker] INFO  com.telran.trello.tests.TestBase - Start test testLoginAgain with parameters[]
22:53:26.678 [Test worker] INFO  com.telran.trello.utils.Listener - testLoginAgain PASSED
22:53:26.684 [Test worker] INFO  com.telran.trello.tests.TestBase - Stop test public void com.telran.trello.tests.LoginTestHW.testLoginAgain() throws java.lang.InterruptedException
]]></system-out>
  <system-err><![CDATA[1581022295532	Marionette	WARN	TimedPromise timed out after 500 ms: stacktrace:
bail@chrome://marionette/content/sync.js:237:64
1581022369036	Marionette	WARN	TimedPromise timed out after 500 ms: stacktrace:
bail@chrome://marionette/content/sync.js:237:64
]]></system-err>
</testsuite>
