<?xml version="1.0" encoding="UTF-8"?>
<testsuite name="com.telran.trello.tests.LoginTestHW" tests="2" skipped="0" failures="0" errors="0" timestamp="2020-02-07T18:41:43" hostname="DESKTOP-U7V5MJ9" time="110.107">
  <properties/>
  <testcase name="testLogin" classname="com.telran.trello.tests.LoginTestHW" time="59.986"/>
  <testcase name="testLoginAgain" classname="com.telran.trello.tests.LoginTestHW" time="37.88"/>
  <system-out><![CDATA[20:41:27.993 [Test worker] INFO  com.telran.trello.tests.TestBase - Start test testLogin with parameters[]
20:42:43.043 [Test worker] INFO  com.telran.trello.utils.Listener - testLogin PASSED
20:42:43.045 [Test worker] INFO  com.telran.trello.tests.TestBase - Stop test public void com.telran.trello.tests.LoginTestHW.testLogin() throws java.lang.InterruptedException
20:42:43.047 [Test worker] INFO  com.telran.trello.tests.TestBase - Start test testLoginAgain with parameters[]
20:43:33.162 [Test worker] INFO  com.telran.trello.utils.Listener - testLoginAgain PASSED
20:43:33.165 [Test worker] INFO  com.telran.trello.tests.TestBase - Stop test public void com.telran.trello.tests.LoginTestHW.testLoginAgain() throws java.lang.InterruptedException
]]></system-out>
  <system-err><![CDATA[]]></system-err>
</testsuite>
