<?xml version="1.0" encoding="UTF-8"?>
<testsuite name="com.telran.trello.tests.LoginTestHW" tests="2" skipped="0" failures="0" errors="0" timestamp="2020-02-07T18:04:48" hostname="DESKTOP-U7V5MJ9" time="112.432">
  <properties/>
  <testcase name="testLogin" classname="com.telran.trello.tests.LoginTestHW" time="60.94"/>
  <testcase name="testLoginAgain" classname="com.telran.trello.tests.LoginTestHW" time="38.937"/>
  <system-out><![CDATA[20:04:33.404 [Test worker] INFO  com.telran.trello.tests.TestBase - Start test testLogin with parameters[]
20:05:49.413 [Test worker] INFO  com.telran.trello.utils.Listener - testLogin PASSED
20:05:49.416 [Test worker] INFO  com.telran.trello.tests.TestBase - Stop test public void com.telran.trello.tests.LoginTestHW.testLogin() throws java.lang.InterruptedException
20:05:49.421 [Test worker] INFO  com.telran.trello.tests.TestBase - Start test testLoginAgain with parameters[]
20:06:40.902 [Test worker] INFO  com.telran.trello.utils.Listener - testLoginAgain PASSED
20:06:40.905 [Test worker] INFO  com.telran.trello.tests.TestBase - Stop test public void com.telran.trello.tests.LoginTestHW.testLoginAgain() throws java.lang.InterruptedException
]]></system-out>
  <system-err><![CDATA[]]></system-err>
</testsuite>
