<?xml version="1.0" encoding="UTF-8"?>
<testsuite name="com.telran.trello.tests.BoardDeletionTests" tests="2" skipped="0" failures="0" errors="0" timestamp="2020-02-06T20:57:38" hostname="DESKTOP-U7V5MJ9" time="38.816">
  <properties/>
  <testcase name="testBoardDeletionFromHeader" classname="com.telran.trello.tests.BoardDeletionTests" time="16.68"/>
  <testcase name="testFirstBoardDeletion1" classname="com.telran.trello.tests.BoardDeletionTests" time="22.111"/>
  <system-out><![CDATA[22:57:38.443 [Test worker] INFO  com.telran.trello.tests.TestBase - Start test testBoardDeletionFromHeader with parameters[]
4
3
22:57:55.134 [Test worker] INFO  com.telran.trello.utils.Listener - testBoardDeletionFromHeader PASSED
22:57:55.139 [Test worker] INFO  com.telran.trello.tests.TestBase - Stop test public void com.telran.trello.tests.BoardDeletionTests.testBoardDeletionFromHeader() throws java.lang.InterruptedException
22:57:55.143 [Test worker] INFO  com.telran.trello.tests.TestBase - Start test testFirstBoardDeletion1 with parameters[]
22:58:17.270 [Test worker] INFO  com.telran.trello.utils.Listener - testFirstBoardDeletion1 PASSED
22:58:17.273 [Test worker] INFO  com.telran.trello.tests.TestBase - Stop test public void com.telran.trello.tests.BoardDeletionTests.testFirstBoardDeletion1() throws java.lang.InterruptedException
]]></system-out>
  <system-err><![CDATA[]]></system-err>
</testsuite>
