<?xml version="1.0" encoding="UTF-8"?>
<testsuite name="com.telran.trello.tests.BoardDeletionTests" tests="2" skipped="0" failures="0" errors="0" timestamp="2020-02-04T21:32:51" hostname="DESKTOP-U7V5MJ9" time="37.62">
  <properties/>
  <testcase name="testBoardDeletionFromHeader" classname="com.telran.trello.tests.BoardDeletionTests" time="16.28"/>
  <testcase name="testFirstBoardDeletion1" classname="com.telran.trello.tests.BoardDeletionTests" time="21.277"/>
  <system-out><![CDATA[23:32:05.493 [Test worker] INFO  com.telran.trello.tests.TestBase - Start test testBoardDeletionFromHeader with parameters[]
2
1
23:33:07.678 [Test worker] INFO  com.telran.trello.utils.Listener - testBoardDeletionFromHeader PASSED
23:33:07.681 [Test worker] INFO  com.telran.trello.tests.TestBase - Stop test public void com.telran.trello.tests.BoardDeletionTests.testBoardDeletionFromHeader() throws java.lang.InterruptedException
23:33:07.686 [Test worker] INFO  com.telran.trello.tests.TestBase - Start test testFirstBoardDeletion1 with parameters[]
23:33:29.014 [Test worker] INFO  com.telran.trello.utils.Listener - testFirstBoardDeletion1 PASSED
23:33:29.015 [Test worker] INFO  com.telran.trello.tests.TestBase - Stop test public void com.telran.trello.tests.BoardDeletionTests.testFirstBoardDeletion1() throws java.lang.InterruptedException
]]></system-out>
  <system-err><![CDATA[]]></system-err>
</testsuite>
